<?xml version="1.0" encoding="UTF-8"?>
<!-- Generated by org.testng.reporters.JUnitReportReporter -->
<testsuite hostname="DESKTOP-P5BB4QP" failures="0" tests="2" name="selenium.TestNG" time="46.102" errors="0" timestamp="2021-12-21T07:42:42 IST" skipped="0">
  <testcase classname="selenium.TestNG" name="test1" time="23.746"/>
  <system-out/>
  <testcase classname="selenium.TestNG" name="test1" time="22.356"/>
  <system-out/>
</testsuite> <!-- selenium.TestNG -->
